stripepayment/.git/*
stripepayment/.github/*
stripepayment/composer.lock
stripepayment/composer.json
stripepayment/log.txt
stripepayment/CHANGELOG.md
stripepayment/phpcs.xml
stripepayment/.gitignore
stripepayment/package.json
stripepayment/package-lock.json
stripepayment/vendor/bin/*
stripepayment/vendor/squizlabs/*
stripepayment/vendor/phpcompatibility/*
stripepayment/vendor/dealerdirect/*
stripepayment/vendor/moodlehq/*
stripepayment/vendor/composer/*
stripepayment/vendor/autoload.php
stripepayment/node_modules/*
stripepayment/phpunit.xml
stripepayment/tests/*
stripepayment/release/*
stripepayment/exclude.lst
stripepayment/Gruntfile.js
stripepayment/VERIFICATION.md
stripepayment/scripts/*